[debug] [2023-12-04T20:44:16.394Z] ----------------------------------------------------------------------
[debug] [2023-12-04T20:44:16.397Z] Command:       C:\Program Files\nodejs\node.exe C:\Users\Windows 11\AppData\Roaming\npm\node_modules\firebase-tools\lib\bin\firebase.js init
[debug] [2023-12-04T20:44:16.397Z] CLI Version:   12.9.1
[debug] [2023-12-04T20:44:16.398Z] Platform:      win32
[debug] [2023-12-04T20:44:16.398Z] Node Version:  v18.17.1
[debug] [2023-12-04T20:44:16.399Z] Time:          Mon Dec 04 2023 14:44:16 GMT-0600 (hora estándar central)
[debug] [2023-12-04T20:44:16.400Z] ----------------------------------------------------------------------
[debug] 
[debug] [2023-12-04T20:44:16.591Z] > command requires scopes: ["email","openid","https://www.googleapis.com/auth/cloudplatformprojects.readonly","https://www.googleapis.com/auth/firebase","https://www.googleapis.com/auth/cloud-platform"]
[debug] [2023-12-04T20:44:16.592Z] > authorizing via signed-in user (jaggalvan@gmail.com)
[info] 
     ######## #### ########  ######## ########     ###     ######  ########
     ##        ##  ##     ## ##       ##     ##  ##   ##  ##       ##
     ######    ##  ########  ######   ########  #########  ######  ######
     ##        ##  ##    ##  ##       ##     ## ##     ##       ## ##
     ##       #### ##     ## ######## ########  ##     ##  ######  ########

You're about to initialize a Firebase project in this directory:

  C:\Reactieca\chat-app

Before we get started, keep in mind:

  * You are currently outside your home directory
  * You are initializing within an existing Firebase project directory

